<?xml version="1.0" encoding="UTF-8"?>
<!-- Generated by org.testng.reporters.JUnitReportReporter -->
<testsuite hostname="DESKTOP-CO33Q0N" failures="0" tests="1" name="com.simplilearn.AppiumDemo.SpinnerDemo" time="13.622" errors="0" timestamp="2023-01-29T11:54:38 IST" skipped="0">
  <testcase classname="com.simplilearn.AppiumDemo.SpinnerDemo" name="SelectColorAndDateFromSpinner" time="13.622"/>
  <system-out/>
</testsuite> <!-- com.simplilearn.AppiumDemo.SpinnerDemo -->
