<?xml version="1.0" encoding="UTF-8"?>
<!-- Generated by org.testng.reporters.JUnitReportReporter -->
<testsuite hostname="DESKTOP-CO33Q0N" failures="0" tests="3" name="com.simplilearn.AppiumDemo.Calculator" time="7.523" errors="0" timestamp="2023-01-22T11:36:29 IST" skipped="0">
  <testcase classname="com.simplilearn.AppiumDemo.Calculator" name="VerifyAdditionProcess" time="3.974"/>
  <system-out/>
  <testcase classname="com.simplilearn.AppiumDemo.Calculator" name="VerifyMultiplicationProcess" time="3.517"/>
  <system-out/>
  <testcase classname="com.simplilearn.AppiumDemo.Calculator" name="VerifyDeletebutton" time="0.032"/>
  <system-out/>
</testsuite> <!-- com.simplilearn.AppiumDemo.Calculator -->
