<?xml version="1.0" encoding="UTF-8"?>
<!-- Generated by org.testng.reporters.JUnitReportReporter -->
<testsuite hostname="DESKTOP-CO33Q0N" failures="0" tests="1" name="com.simplilearn.AppiumDemo.ContextSwitchingDemo" time="14.123" errors="0" timestamp="2023-01-29T12:03:33 IST" skipped="0">
  <testcase classname="com.simplilearn.AppiumDemo.ContextSwitchingDemo" name="addShortcutToHomeScreen" time="14.123"/>
  <system-out/>
</testsuite> <!-- com.simplilearn.AppiumDemo.ContextSwitchingDemo -->
