<?xml version="1.0" encoding="UTF-8"?>
<!-- Generated by org.testng.reporters.JUnitReportReporter -->
<testsuite hostname="DESKTOP-CO33Q0N" failures="0" tests="2" name="com.simplilearn.AppiumDemo.SwipeDemo" time="12.582" errors="0" timestamp="2023-02-04T10:06:42 IST" skipped="0">
  <testcase classname="com.simplilearn.AppiumDemo.SwipeDemo" name="ZoomOut" time="9.242"/>
  <system-out/>
  <testcase classname="com.simplilearn.AppiumDemo.SwipeDemo" name="swipeLeftToRight" time="3.340"/>
  <system-out/>
</testsuite> <!-- com.simplilearn.AppiumDemo.SwipeDemo -->
